-------------------------------------------------------------------------------
Test set: src.test.java.com.api.trustacademy.TrustacademyApiApplicationTests
-------------------------------------------------------------------------------
Tests run: 1, Failures: 0, Errors: 1, Skipped: 0, Time elapsed: 1.216 s <<< FAILURE! - in src.test.java.com.api.trustacademy.TrustacademyApiApplicationTests
initializationError(src.test.java.com.api.trustacademy.TrustacademyApiApplicationTests)  Time elapsed: 0.013 s  <<< ERROR!
java.lang.IllegalStateException: Unable to find a @SpringBootConfiguration, you need to use @ContextConfiguration or @SpringBootTest(classes=...) with your test

